Build started 2017/3/6 下午 06:20:02.
     1>Project "D:\Documents\GitHub\Visual Studio 2013\Camera\Camera\Camera.vcxproj" on node 2 (Build target(s)).
     1>ClCompile:
         C:\Program Files (x86)\Microsoft Visual Studio 12.0\VC\bin\CL.exe /c /ZI /nologo /W3 /WX- /sdl /Od /Oy- /D _MBCS /Gm /EHsc /RTC1 /MDd /GS /fp:precise /Zc:wchar_t /Zc:forScope /Fo"Debug\\" /Fd"Debug\vc120.pdb" /Gd /TP /analyze- /errorReport:prompt WebCam.cpp
         WebCam.cpp
     1>d:\documents\github\visual studio 2013\camera\camera\lib\tree.h(154): warning C4018: '<' : signed/unsigned mismatch
                 d:\documents\github\visual studio 2013\camera\camera\lib\tree.h(152) : while compiling class template member function 'void TreeND<double>::buildTree(std::vector<std::vector<NODETYPE,std::allocator<_Ty>>,std::allocator<std::vector<_Ty,std::allocator<_Ty>>>>)'
                 with
                 [
                     NODETYPE=double
         ,            _Ty=double
                 ]
                 d:\documents\github\visual studio 2013\camera\camera\webcam.cpp(22) : see reference to function template instantiation 'void TreeND<double>::buildTree(std::vector<std::vector<NODETYPE,std::allocator<_Ty>>,std::allocator<std::vector<_Ty,std::allocator<_Ty>>>>)' being compiled
                 with
                 [
                     NODETYPE=double
         ,            _Ty=double
                 ]
                 d:\documents\github\visual studio 2013\camera\camera\webcam.cpp(14) : see reference to class template instantiation 'TreeND<double>' being compiled
       Link:
         C:\Program Files (x86)\Microsoft Visual Studio 12.0\VC\bin\link.exe /ERRORREPORT:PROMPT /OUT:"D:\Documents\GitHub\Visual Studio 2013\Camera\Debug\Camera.exe" /INCREMENTAL /NOLOGO opencv_ts300.lib opencv_ts300d.lib opencv_world300.lib opencv_world300d.lib ws2_32.lib kernel32.lib user32.lib gdi32.lib winspool.lib comdlg32.lib advapi32.lib shell32.lib ole32.lib oleaut32.lib uuid.lib odbc32.lib odbccp32.lib /MANIFEST /MANIFESTUAC:"level='asInvoker' uiAccess='false'" /manifest:embed /DEBUG /PDB:"D:\Documents\GitHub\Visual Studio 2013\Camera\Debug\Camera.pdb" /TLBID:1 /DYNAMICBASE /NXCOMPAT /IMPLIB:"D:\Documents\GitHub\Visual Studio 2013\Camera\Debug\Camera.lib" /MACHINE:X86 Debug\WebCam.obj
         Camera.vcxproj -> D:\Documents\GitHub\Visual Studio 2013\Camera\Debug\Camera.exe
     1>Done Building Project "D:\Documents\GitHub\Visual Studio 2013\Camera\Camera\Camera.vcxproj" (Build target(s)).

Build succeeded.

Time Elapsed 00:00:02.10
